SF:lib/app/pages/account/account_controller.dart
DA:9,1
DA:22,1
DA:23,1
DA:24,1
DA:28,1
DA:29,1
DA:30,1
DA:31,1
DA:33,2
DA:35,1
DA:45,1
DA:47,3
DA:50,0
DA:52,0
DA:55,0
DA:57,0
LF:16
LH:12
end_of_record
SF:lib/app/pages/account/account_view.dart
DA:8,1
DA:9,1
DA:11,1
DA:13,1
DA:14,1
DA:17,1
DA:19,0
DA:20,0
DA:24,1
DA:25,1
DA:26,1
DA:28,1
DA:29,1
DA:30,0
DA:31,0
DA:35,1
DA:36,1
DA:37,1
DA:38,1
DA:39,1
DA:40,1
DA:48,1
LF:22
LH:18
end_of_record
SF:lib/app/pages/account/widgets/account_widget.dart
DA:12,1
DA:13,1
DA:14,2
DA:15,1
DA:16,1
DA:17,1
DA:18,1
DA:19,1
DA:20,1
DA:21,1
DA:22,1
DA:24,1
DA:25,1
DA:26,1
DA:27,1
DA:29,1
DA:30,1
DA:31,1
DA:32,0
DA:34,1
DA:35,1
DA:36,1
DA:40,1
DA:41,1
DA:42,2
DA:45,1
DA:46,1
DA:47,1
DA:48,1
DA:50,1
DA:51,1
DA:52,1
DA:53,0
DA:55,1
DA:56,1
DA:57,1
DA:61,1
DA:62,1
DA:63,2
DA:69,1
DA:70,1
DA:73,1
DA:74,1
DA:75,2
DA:76,3
DA:77,1
DA:78,0
DA:79,0
DA:81,0
DA:82,0
DA:85,0
DA:86,0
DA:87,0
DA:88,0
DA:92,1
DA:93,1
DA:94,0
DA:95,0
DA:96,0
DA:97,0
DA:100,0
DA:101,0
DA:102,0
DA:103,0
DA:106,0
DA:107,0
DA:108,0
DA:110,0
DA:111,0
DA:113,0
DA:115,0
DA:116,0
DA:119,0
DA:120,0
DA:122,0
DA:123,0
DA:124,0
DA:125,0
DA:130,0
DA:131,0
DA:132,0
DA:134,0
DA:135,0
DA:137,0
DA:139,0
DA:140,0
DA:143,0
DA:144,0
DA:146,0
DA:147,0
DA:148,0
DA:149,0
DA:154,0
DA:155,0
DA:156,0
DA:158,0
DA:159,0
DA:167,0
DA:172,1
DA:173,1
DA:174,1
DA:182,1
DA:183,1
DA:184,1
DA:185,1
DA:187,1
DA:188,1
DA:189,1
DA:190,0
DA:192,1
DA:194,1
DA:195,1
DA:196,1
DA:197,0
DA:205,1
DA:206,1
DA:207,2
DA:210,1
DA:211,1
DA:212,1
DA:213,1
DA:215,1
DA:216,1
DA:217,1
DA:218,0
DA:220,1
DA:222,1
DA:223,1
DA:224,1
DA:225,0
DA:226,0
DA:228,1
DA:229,1
DA:230,1
DA:238,1
DA:239,1
DA:240,1
DA:246,1
DA:247,1
DA:248,1
DA:254,1
DA:255,2
DA:258,1
DA:259,1
DA:260,1
DA:261,1
DA:263,1
DA:264,1
DA:265,1
DA:266,0
DA:268,1
DA:270,1
DA:271,1
DA:274,1
DA:275,1
DA:276,2
DA:279,1
DA:280,1
DA:282,1
DA:283,1
DA:284,1
LF:161
LH:103
end_of_record
SF:lib/app/pages/app_settings/app_settings_controller.dart
DA:6,1
LF:1
LH:1
end_of_record
SF:lib/app/pages/app_settings/app_settings_view.dart
DA:9,1
DA:10,1
DA:12,1
DA:14,1
DA:15,1
DA:18,1
DA:20,0
DA:21,0
DA:25,1
DA:26,1
DA:27,1
DA:31,1
LF:12
LH:10
end_of_record
SF:lib/app/pages/app_settings/widgets/app_settings_box.dart
DA:6,1
DA:12,1
DA:18,1
DA:19,1
DA:20,2
DA:22,1
DA:23,2
DA:25,1
DA:26,1
DA:27,1
DA:28,1
DA:29,1
DA:30,1
DA:33,1
DA:34,1
DA:35,1
DA:36,1
DA:38,2
DA:39,1
DA:40,0
DA:41,0
DA:42,0
DA:47,1
DA:48,1
DA:50,1
LF:25
LH:22
end_of_record
SF:lib/app/pages/app_settings/widgets/app_settings_widget.dart
DA:10,1
DA:11,1
DA:12,2
DA:14,1
DA:15,1
DA:16,1
DA:17,1
DA:18,1
DA:19,1
DA:20,1
DA:23,1
DA:24,1
DA:25,1
DA:28,1
DA:29,1
DA:30,1
DA:31,1
DA:32,1
DA:33,1
DA:36,1
DA:37,1
DA:38,1
DA:41,1
DA:42,1
DA:43,1
DA:46,1
DA:47,1
DA:48,1
LF:28
LH:28
end_of_record
SF:lib/app/pages/change_password/change_password_controller.dart
DA:6,1
DA:14,0
DA:15,0
DA:16,0
DA:29,1
DA:30,2
DA:32,1
DA:33,1
DA:34,2
DA:35,1
DA:48,1
DA:49,2
DA:51,1
DA:52,1
DA:53,2
DA:54,1
DA:67,1
DA:68,1
DA:69,2
DA:70,1
DA:71,1
DA:73,1
DA:74,1
DA:75,1
DA:77,1
DA:84,1
DA:85,3
DA:86,1
DA:88,1
DA:90,1
LF:30
LH:27
end_of_record
SF:lib/app/pages/change_password/change_password_view.dart
DA:8,1
DA:9,1
DA:11,1
DA:13,1
DA:14,1
DA:17,1
DA:19,0
DA:20,0
DA:24,1
DA:25,1
DA:26,1
DA:30,1
LF:12
LH:10
end_of_record
SF:lib/app/pages/change_password/widgets/change_password_widget.dart
DA:8,1
DA:9,1
DA:10,2
DA:12,1
DA:13,1
DA:14,1
DA:15,1
DA:17,1
DA:18,1
DA:19,1
DA:20,1
DA:22,1
DA:23,1
DA:24,1
DA:35,1
DA:37,1
DA:41,1
DA:42,1
DA:43,1
DA:44,2
DA:46,1
DA:47,1
DA:49,1
DA:50,1
DA:52,1
DA:53,1
DA:54,1
DA:65,1
DA:67,1
DA:71,1
DA:72,1
DA:73,1
DA:74,2
DA:76,1
DA:77,1
DA:79,1
DA:80,1
DA:82,1
DA:83,1
DA:84,1
DA:95,1
DA:97,1
DA:101,1
DA:102,1
DA:103,1
DA:104,2
DA:106,1
DA:107,1
DA:112,1
DA:114,1
DA:115,0
DA:116,0
DA:117,0
DA:119,0
DA:124,1
DA:126,1
LF:56
LH:52
end_of_record
SF:lib/app/pages/change_password/widgets/changed_password_dialog.dart
DA:8,1
DA:9,1
DA:11,1
DA:14,1
DA:15,1
DA:16,1
DA:18,1
DA:19,1
DA:21,1
DA:22,1
DA:24,1
DA:25,1
DA:26,1
DA:27,1
DA:29,1
DA:30,1
DA:31,1
DA:33,1
LF:18
LH:18
end_of_record
SF:lib/app/pages/comment/comment_controller.dart
DA:6,1
DA:16,1
DA:17,1
DA:18,1
DA:19,1
DA:21,0
DA:23,1
LF:7
LH:6
end_of_record
SF:lib/app/pages/comment/comment_view.dart
DA:10,1
DA:11,1
DA:14,1
DA:16,1
DA:17,0
DA:18,0
DA:20,1
DA:23,1
DA:27,1
DA:28,1
DA:29,1
DA:32,1
LF:12
LH:10
end_of_record
SF:lib/app/pages/comment/widgets/comment_widget.dart
DA:10,1
DA:11,1
DA:12,2
DA:14,1
DA:15,1
DA:16,1
DA:17,1
DA:19,1
DA:22,2
DA:31,1
DA:34,1
DA:35,1
DA:36,1
DA:37,1
DA:38,1
DA:39,1
DA:40,1
DA:45,1
DA:47,1
DA:51,1
DA:52,1
DA:55,1
DA:56,1
DA:57,1
DA:58,1
DA:60,1
DA:62,1
DA:68,1
DA:69,1
DA:70,2
DA:71,1
DA:75,1
DA:76,1
DA:77,1
DA:78,1
DA:79,1
DA:81,1
DA:85,2
DA:88,1
DA:89,1
DA:90,1
DA:92,1
DA:93,1
DA:94,1
DA:96,1
DA:98,1
DA:99,1
DA:100,0
DA:101,0
DA:102,0
DA:103,0
DA:111,1
DA:112,1
DA:113,1
DA:114,1
DA:117,1
DA:118,1
DA:119,1
DA:120,1
LF:59
LH:55
end_of_record
SF:lib/app/pages/forgot_password/forgot_password_controller.dart
DA:6,1
LF:1
LH:1
end_of_record
SF:lib/app/pages/forgot_password/forgot_password_view.dart
DA:8,1
DA:9,1
DA:12,1
LF:3
LH:3
end_of_record
SF:lib/app/pages/forgot_password/widgets/forgot_password_widget.dart
DA:9,1
DA:10,1
DA:11,2
DA:13,1
DA:14,1
DA:15,1
DA:18,1
DA:19,1
DA:20,1
DA:21,0
DA:22,0
DA:24,1
DA:26,1
DA:27,1
DA:30,1
DA:31,1
DA:32,1
DA:33,1
DA:35,1
DA:36,1
DA:37,1
DA:38,1
DA:39,1
DA:40,1
DA:43,1
DA:44,1
DA:45,1
DA:46,0
DA:51,1
DA:52,1
DA:53,1
DA:54,2
DA:57,1
DA:58,1
DA:59,1
DA:60,1
DA:61,0
LF:37
LH:33
end_of_record
SF:lib/app/pages/home/home_controller.dart
DA:15,1
DA:27,0
DA:28,0
DA:29,0
DA:30,0
DA:31,0
DA:36,0
DA:37,0
DA:38,0
DA:39,0
DA:40,0
DA:41,0
DA:60,0
DA:61,0
DA:62,0
DA:63,0
DA:64,0
DA:65,0
DA:66,0
DA:67,0
DA:69,0
DA:70,0
DA:71,0
DA:76,0
DA:77,0
DA:78,0
DA:80,0
DA:81,0
DA:84,0
DA:90,0
DA:91,0
DA:92,0
DA:95,0
DA:97,0
DA:103,0
DA:105,0
DA:106,0
DA:108,0
DA:111,0
DA:122,0
DA:123,0
DA:124,0
DA:125,0
DA:126,0
DA:127,0
DA:129,0
DA:130,0
DA:133,0
DA:135,0
DA:172,0
DA:173,0
DA:174,0
DA:176,0
DA:178,0
DA:210,0
DA:211,0
DA:212,0
DA:213,0
DA:217,0
DA:218,0
DA:219,0
DA:223,0
DA:224,0
DA:225,0
DA:229,0
DA:230,0
DA:231,0
DA:232,0
DA:234,0
DA:236,0
DA:240,0
DA:241,0
DA:242,0
DA:246,0
DA:247,0
DA:248,0
DA:249,0
DA:251,0
DA:253,0
DA:275,1
DA:276,2
DA:277,3
DA:278,3
DA:282,0
DA:286,0
DA:287,0
DA:288,0
DA:289,0
DA:290,0
DA:291,0
DA:292,0
DA:293,0
DA:295,0
DA:300,0
DA:302,0
DA:304,0
DA:307,1
DA:309,2
DA:310,2
DA:311,2
DA:313,4
DA:315,1
DA:316,1
DA:319,0
DA:321,0
DA:322,0
DA:323,0
LF:107
LH:12
end_of_record
SF:lib/app/pages/home/home_view.dart
DA:9,1
DA:10,1
DA:12,1
DA:13,2
DA:16,1
DA:17,1
DA:18,2
DA:20,1
LF:8
LH:8
end_of_record
SF:lib/app/pages/home/widgets/bottom_nav_bar.dart
DA:9,1
DA:10,1
DA:11,2
DA:12,1
DA:13,1
DA:16,1
DA:22,1
DA:23,1
DA:24,1
DA:25,1
DA:26,1
DA:27,1
DA:28,1
DA:29,1
DA:31,1
DA:34,1
DA:36,1
DA:37,1
DA:38,1
DA:39,1
DA:41,1
DA:44,1
DA:46,1
DA:47,1
DA:48,1
DA:49,1
DA:51,1
DA:54,1
DA:56,1
DA:57,1
DA:58,1
DA:59,1
DA:61,1
DA:64,1
DA:66,1
DA:67,1
DA:68,1
DA:69,1
DA:71,1
DA:74,1
LF:40
LH:40
end_of_record
SF:lib/app/pages/home/widgets/continues_watching.dart
DA:8,18
DA:10,1
DA:11,1
DA:12,2
DA:13,1
DA:14,1
DA:15,1
DA:16,1
DA:20,2
DA:23,1
DA:24,1
DA:25,1
DA:26,1
DA:27,1
DA:29,1
DA:30,1
DA:31,1
DA:32,1
DA:33,2
DA:38,1
DA:39,1
DA:40,1
DA:41,1
DA:44,1
DA:47,1
DA:48,1
DA:49,1
DA:51,2
DA:55,1
DA:56,1
DA:57,1
DA:58,1
DA:61,1
DA:62,1
DA:63,1
DA:64,1
DA:67,1
DA:68,1
DA:71,1
DA:73,1
DA:76,1
DA:84,2
DA:85,2
LF:43
LH:43
end_of_record
SF:lib/app/pages/home/widgets/download_item.dart
DA:10,18
DA:12,0
DA:13,0
DA:14,0
DA:15,0
DA:16,0
DA:17,0
DA:18,0
DA:19,0
DA:20,0
DA:21,0
DA:22,0
DA:23,0
DA:26,0
DA:27,0
DA:28,0
DA:30,0
DA:31,0
DA:32,0
DA:33,0
DA:34,0
DA:35,0
DA:37,0
DA:38,0
DA:41,0
DA:42,0
DA:43,0
DA:44,0
DA:45,0
DA:46,0
DA:52,0
DA:58,0
DA:59,0
DA:62,0
DA:63,0
DA:64,0
DA:65,0
DA:67,0
DA:68,0
DA:69,0
DA:70,0
DA:71,0
DA:73,0
DA:74,0
DA:76,0
DA:81,0
DA:82,0
DA:83,0
DA:84,0
DA:86,0
DA:87,0
DA:88,0
DA:89,0
DA:92,0
DA:93,0
DA:94,0
DA:95,0
DA:98,0
DA:99,0
DA:100,0
DA:101,0
DA:102,0
DA:104,0
DA:106,0
DA:107,0
DA:109,0
DA:110,0
DA:112,0
DA:113,0
DA:115,0
DA:116,0
DA:121,0
DA:122,0
DA:123,0
DA:125,0
DA:126,0
DA:134,0
DA:139,0
DA:140,0
DA:141,0
DA:143,0
DA:144,0
DA:146,0
DA:147,0
DA:152,0
DA:154,0
DA:155,0
DA:156,0
DA:158,0
DA:159,0
DA:163,0
DA:164,0
DA:165,0
DA:166,0
DA:167,0
DA:169,0
DA:171,0
LF:97
LH:1
end_of_record
SF:lib/app/pages/home/widgets/downloads_view.dart
DA:8,1
DA:9,1
DA:10,2
DA:11,1
DA:12,1
DA:13,1
DA:14,1
DA:15,1
DA:16,1
DA:17,0
DA:27,1
DA:31,1
DA:32,1
DA:33,1
DA:34,2
DA:37,1
DA:38,1
DA:39,0
DA:40,0
DA:41,0
DA:42,0
DA:44,0
DA:47,1
DA:48,2
DA:49,0
DA:50,0
DA:52,5
DA:53,1
DA:56,1
DA:57,1
DA:58,1
DA:59,0
DA:62,0
DA:63,0
DA:64,0
DA:66,1
DA:68,1
DA:69,1
DA:70,1
DA:71,1
DA:72,1
DA:74,1
DA:75,1
DA:76,1
DA:77,1
DA:78,1
DA:79,1
DA:82,1
DA:83,1
DA:84,1
DA:85,1
DA:87,1
DA:88,1
DA:91,1
DA:92,1
DA:93,1
DA:94,1
DA:95,1
LF:58
LH:46
end_of_record
SF:lib/app/pages/home/widgets/dropdown_chip.dart
DA:6,0
DA:10,0
DA:11,0
DA:13,0
DA:14,0
DA:15,0
DA:17,0
DA:18,0
DA:19,0
DA:20,0
DA:22,0
DA:25,0
LF:12
LH:0
end_of_record
SF:lib/app/pages/home/widgets/dropdown_shows.dart
DA:7,18
DA:9,0
DA:10,0
DA:13,0
DA:16,0
DA:17,0
DA:18,0
DA:19,0
DA:20,0
DA:22,0
DA:23,0
DA:24,0
DA:25,0
DA:27,0
DA:28,0
DA:29,0
DA:30,0
DA:32,0
DA:33,0
DA:34,0
DA:35,0
DA:37,0
DA:38,0
DA:39,0
DA:40,0
DA:42,0
DA:43,0
DA:44,0
DA:45,0
DA:47,0
DA:48,0
DA:49,0
DA:50,0
DA:52,0
DA:53,0
DA:54,0
DA:55,0
DA:57,0
DA:58,0
DA:59,0
DA:60,0
DA:62,0
DA:63,0
DA:64,0
DA:65,0
DA:67,0
DA:68,0
DA:69,0
DA:70,0
DA:72,0
DA:73,0
DA:74,0
DA:75,0
DA:77,0
DA:78,0
DA:79,0
DA:80,0
DA:82,0
DA:83,0
DA:84,0
DA:85,0
DA:86,0
DA:87,0
DA:90,0
DA:91,0
LF:65
LH:1
end_of_record
SF:lib/app/pages/home/widgets/main_home_view.dart
DA:7,18
DA:9,1
DA:10,1
DA:11,1
DA:12,1
DA:13,1
DA:14,1
DA:15,1
DA:20,1
DA:21,1
DA:22,1
DA:24,1
DA:27,1
DA:28,1
DA:29,1
DA:30,1
DA:31,1
DA:32,1
DA:33,1
DA:34,1
DA:36,1
DA:37,1
DA:38,1
DA:39,1
DA:41,1
DA:42,1
DA:43,0
DA:44,0
DA:52,1
DA:53,1
DA:54,1
DA:55,1
DA:56,1
DA:58,1
DA:69,1
DA:70,1
DA:71,1
DA:72,1
DA:73,1
DA:74,1
DA:79,1
DA:80,0
DA:82,1
DA:83,1
DA:84,1
DA:85,1
DA:90,1
DA:91,0
DA:98,1
DA:99,1
DA:100,1
DA:102,1
DA:104,1
DA:105,1
DA:106,1
DA:108,1
DA:110,1
DA:111,1
DA:112,1
DA:114,1
DA:116,1
DA:117,1
DA:118,1
DA:120,1
DA:122,1
DA:123,1
DA:124,1
DA:126,1
DA:128,1
DA:129,1
DA:130,1
DA:132,1
DA:134,1
LF:73
LH:69
end_of_record
SF:lib/app/pages/home/widgets/movie_list_row.dart
DA:7,18
DA:9,1
DA:10,1
DA:11,2
DA:12,1
DA:13,1
DA:14,1
DA:15,1
DA:20,2
DA:23,1
DA:24,1
DA:25,1
DA:26,1
DA:27,1
DA:28,1
DA:29,2
DA:33,1
DA:35,1
DA:36,1
DA:42,2
DA:43,2
LF:21
LH:21
end_of_record
SF:lib/app/pages/home/widgets/omf_series.dart
DA:7,18
DA:9,1
DA:10,1
DA:11,2
DA:12,1
DA:13,1
DA:14,1
DA:15,1
DA:19,2
DA:22,1
DA:23,1
DA:24,1
DA:25,1
DA:26,1
DA:27,1
DA:28,2
DA:32,1
DA:34,1
DA:35,1
DA:41,2
DA:42,2
LF:21
LH:21
end_of_record
SF:lib/app/pages/home/widgets/play_button.dart
DA:8,1
DA:13,1
DA:18,1
DA:19,1
DA:20,2
DA:22,1
DA:23,1
DA:24,1
DA:25,2
DA:26,2
DA:27,1
DA:28,1
DA:30,1
DA:31,1
DA:32,1
DA:33,1
DA:35,1
DA:38,1
DA:39,1
DA:40,2
LF:20
LH:20
end_of_record
SF:lib/app/pages/home/widgets/play_list_heading.dart
DA:6,2
DA:9,1
DA:10,1
DA:11,1
DA:12,1
DA:14,1
DA:15,1
DA:16,1
LF:8
LH:8
end_of_record
SF:lib/app/pages/home/widgets/play_list_icon_button.dart
DA:6,2
DA:13,2
DA:20,2
DA:21,2
DA:22,2
DA:23,2
DA:24,2
DA:25,2
DA:26,2
DA:27,2
DA:28,2
DA:29,2
DA:30,2
DA:31,2
LF:14
LH:14
end_of_record
SF:lib/app/pages/home/widgets/profile_item.dart
DA:6,0
DA:7,0
DA:12,0
DA:13,0
DA:14,0
DA:15,0
DA:16,0
DA:17,0
DA:18,0
DA:20,0
DA:21,0
DA:22,0
DA:23,0
DA:24,0
DA:25,0
DA:27,0
DA:30,0
DA:31,0
DA:32,0
DA:33,0
DA:36,0
DA:37,0
LF:22
LH:0
end_of_record
SF:lib/app/pages/home/widgets/profile_view.dart
DA:9,1
DA:10,1
DA:11,2
DA:12,1
DA:13,1
DA:16,1
DA:17,1
DA:18,1
DA:20,1
DA:21,1
DA:22,1
DA:23,1
DA:25,1
DA:26,1
DA:27,1
DA:28,1
DA:29,1
DA:32,1
DA:35,1
DA:36,1
DA:37,1
DA:38,1
DA:41,1
DA:42,1
DA:53,1
DA:54,1
DA:56,1
DA:57,1
DA:58,1
DA:59,1
DA:61,1
DA:62,1
DA:63,1
DA:64,1
DA:65,1
DA:68,1
DA:71,1
DA:72,1
DA:73,1
DA:74,1
DA:77,1
DA:78,1
DA:89,1
DA:90,1
DA:92,1
DA:93,1
DA:94,1
DA:95,1
DA:97,1
DA:98,1
DA:99,1
DA:100,1
DA:101,1
DA:104,1
DA:107,1
DA:108,1
DA:109,1
DA:110,1
DA:113,1
DA:114,1
DA:125,1
DA:126,1
DA:128,1
DA:129,1
DA:130,1
DA:131,1
DA:133,1
DA:134,1
DA:135,1
DA:136,1
DA:137,1
DA:140,1
DA:143,1
DA:144,1
DA:145,1
DA:146,1
DA:149,1
DA:150,1
DA:161,1
DA:162,1
DA:163,0
DA:164,0
DA:166,1
DA:167,1
DA:168,1
DA:169,1
DA:171,1
DA:172,1
DA:173,1
DA:174,1
DA:175,1
DA:178,1
DA:181,1
DA:182,1
DA:183,1
DA:184,1
DA:187,1
DA:188,1
DA:199,1
DA:200,1
DA:202,1
DA:203,1
DA:204,1
DA:207,1
DA:208,1
DA:210,1
DA:211,1
DA:212,1
LF:108
LH:106
end_of_record
SF:lib/app/pages/home/widgets/search_view.dart
DA:7,0
DA:8,1
DA:9,1
DA:10,1
DA:11,1
DA:12,1
DA:15,1
DA:16,1
DA:17,1
DA:18,1
DA:19,1
DA:29,1
DA:33,1
DA:34,1
DA:35,1
DA:36,2
DA:39,1
DA:40,1
DA:41,0
DA:43,0
DA:44,0
DA:45,0
DA:46,0
DA:48,0
DA:49,0
DA:58,0
DA:59,0
DA:60,0
DA:61,0
DA:62,0
DA:65,0
DA:66,0
DA:67,0
DA:69,0
DA:70,0
DA:75,0
DA:76,0
DA:77,0
DA:78,0
DA:79,0
DA:81,0
DA:82,0
DA:87,0
DA:88,0
DA:89,0
DA:96,0
DA:97,0
DA:101,0
DA:102,0
DA:104,0
DA:106,0
DA:108,0
DA:109,0
DA:110,0
DA:113,0
DA:117,0
DA:124,0
DA:125,0
DA:126,0
DA:127,0
DA:128,0
DA:131,0
DA:134,0
DA:135,0
DA:138,0
DA:143,0
DA:144,0
DA:145,0
DA:147,0
DA:152,0
DA:153,0
DA:155,0
DA:157,0
DA:164,0
DA:165,0
DA:169,0
DA:170,0
DA:176,0
DA:177,0
DA:180,0
DA:182,0
DA:184,0
DA:185,0
DA:186,0
DA:188,0
DA:190,0
DA:192,0
DA:193,0
DA:194,0
DA:197,0
DA:199,0
DA:201,0
DA:202,0
DA:203,0
DA:207,0
DA:211,0
DA:213,0
DA:222,0
DA:223,0
DA:224,0
DA:225,0
DA:226,0
DA:231,0
DA:232,0
DA:234,0
DA:235,0
DA:250,0
DA:255,0
DA:258,0
DA:259,0
DA:260,0
DA:261,0
DA:271,1
DA:273,1
DA:274,1
DA:275,1
DA:276,1
DA:278,1
DA:279,1
DA:282,2
DA:283,1
DA:285,1
DA:286,1
DA:287,1
DA:288,1
DA:289,1
DA:290,1
DA:291,1
DA:292,1
DA:294,1
DA:295,1
DA:307,1
DA:308,1
DA:309,1
DA:314,1
DA:315,1
DA:316,1
DA:317,1
DA:319,1
DA:320,1
DA:321,1
DA:322,1
DA:328,1
DA:329,1
DA:330,1
DA:332,1
DA:333,1
DA:339,1
DA:340,1
LF:149
LH:54
end_of_record
SF:lib/app/pages/home/widgets/trending_view.dart
DA:9,18
DA:11,1
DA:12,1
DA:13,2
DA:14,1
DA:16,2
DA:17,2
DA:18,1
DA:19,1
DA:21,1
DA:22,1
DA:23,1
DA:24,1
DA:25,1
DA:26,2
DA:27,0
DA:28,0
DA:29,0
DA:30,0
DA:31,0
DA:33,0
DA:34,0
DA:37,0
DA:38,0
DA:39,0
DA:40,0
DA:42,0
DA:43,0
DA:45,0
DA:50,0
DA:54,0
DA:55,1
DA:59,1
DA:60,1
DA:61,1
DA:62,1
DA:64,2
DA:65,1
DA:66,1
DA:67,1
DA:68,1
DA:70,1
DA:75,1
DA:77,1
DA:78,1
DA:80,1
DA:81,1
DA:83,1
DA:85,1
DA:87,1
DA:104,1
DA:107,1
DA:111,1
DA:112,1
DA:113,2
DA:114,1
DA:115,2
DA:116,1
DA:117,1
DA:118,1
DA:119,1
DA:122,1
DA:124,1
DA:127,1
DA:128,1
DA:129,1
DA:130,1
DA:131,1
DA:133,4
DA:138,4
DA:139,0
DA:140,0
DA:143,1
DA:144,1
DA:145,1
DA:146,1
DA:147,1
DA:149,4
DA:154,1
DA:155,0
DA:156,0
DA:159,1
DA:160,1
DA:161,1
DA:162,1
DA:163,1
DA:168,0
DA:169,0
DA:172,1
DA:173,1
DA:174,1
DA:176,1
DA:179,0
DA:180,0
DA:191,1
DA:196,1
DA:201,1
DA:202,1
DA:203,1
DA:204,1
DA:205,1
DA:206,1
DA:207,2
DA:208,1
DA:209,1
DA:211,2
DA:212,1
DA:214,1
DA:215,1
DA:216,1
DA:217,1
LF:111
LH:87
end_of_record
SF:lib/app/pages/lobby/lobby_controller.dart
DA:12,1
DA:28,0
DA:29,0
DA:30,0
DA:31,0
DA:33,0
DA:35,0
DA:42,0
DA:43,0
DA:44,0
DA:45,0
DA:47,0
DA:49,0
DA:55,0
DA:56,0
DA:57,0
DA:58,0
DA:59,0
DA:60,0
DA:61,0
DA:70,0
DA:71,0
DA:80,0
DA:87,1
DA:88,2
DA:89,1
DA:96,1
DA:97,2
DA:98,1
DA:107,0
DA:108,0
DA:109,0
DA:111,0
DA:112,0
DA:113,0
DA:116,0
DA:122,0
DA:123,0
DA:124,0
DA:127,0
DA:129,0
DA:135,0
DA:137,0
DA:138,0
DA:140,0
DA:143,0
DA:150,1
DA:152,2
DA:153,2
DA:154,1
DA:156,1
DA:159,0
DA:161,0
DA:162,0
DA:163,0
LF:55
LH:12
end_of_record
SF:lib/app/pages/lobby/lobby_view.dart
DA:11,1
DA:12,1
DA:14,1
DA:16,1
LF:4
LH:4
end_of_record
SF:lib/app/pages/lobby/widgets/episodes_view.dart
DA:10,0
DA:11,0
DA:13,0
DA:14,0
DA:16,0
DA:17,0
DA:18,0
DA:19,0
DA:20,0
DA:21,0
DA:23,0
DA:24,0
DA:25,0
DA:26,0
DA:27,0
DA:28,0
DA:29,0
DA:30,0
DA:31,0
DA:32,0
DA:35,0
DA:36,0
DA:37,0
DA:38,0
DA:40,0
DA:46,0
DA:47,0
DA:48,0
DA:49,0
DA:52,0
DA:57,0
DA:58,0
DA:59,0
DA:62,0
DA:63,0
DA:64,0
DA:65,0
DA:67,0
DA:68,0
DA:70,0
DA:76,0
DA:77,0
DA:79,0
DA:85,0
DA:86,0
DA:87,0
DA:88,0
DA:90,0
DA:91,0
DA:92,0
DA:93,0
DA:95,0
DA:96,0
DA:97,0
DA:98,0
DA:99,0
DA:100,0
DA:101,0
DA:102,0
DA:103,0
DA:104,0
DA:107,0
DA:108,0
DA:109,0
DA:110,0
DA:112,0
DA:118,0
DA:119,0
DA:120,0
DA:121,0
DA:124,0
DA:129,0
DA:130,0
DA:133,0
DA:134,0
DA:135,0
DA:136,0
DA:138,0
DA:139,0
DA:141,0
DA:146,0
DA:147,0
DA:149,0
DA:155,0
DA:156,0
DA:157,0
DA:158,0
DA:160,0
DA:161,0
DA:162,0
DA:163,0
DA:165,0
DA:166,0
DA:167,0
DA:168,0
DA:169,0
DA:170,0
DA:171,0
DA:172,0
DA:173,0
DA:174,0
DA:177,0
DA:178,0
DA:179,0
DA:180,0
DA:182,0
DA:188,0
DA:189,0
DA:190,0
DA:191,0
DA:194,0
DA:199,0
DA:200,0
DA:203,0
DA:204,0
DA:205,0
DA:206,0
DA:208,0
DA:209,0
DA:211,0
DA:216,0
DA:217,0
DA:219,0
DA:225,0
DA:226,0
DA:227,0
DA:228,0
LF:127
LH:0
end_of_record
SF:lib/app/pages/lobby/widgets/lobby_view_widget.dart
DA:10,1
DA:11,1
DA:12,2
DA:14,1
DA:17,1
DA:18,1
DA:19,1
DA:20,1
DA:24,1
DA:25,1
DA:26,1
DA:27,2
DA:28,0
DA:29,0
DA:30,0
DA:31,0
DA:32,0
DA:33,0
DA:34,0
DA:39,1
DA:40,0
DA:42,0
DA:44,1
DA:45,1
DA:46,1
DA:51,1
DA:52,2
DA:53,1
DA:55,1
DA:58,1
DA:68,1
DA:69,0
DA:70,0
DA:72,1
DA:73,1
DA:76,1
DA:78,0
DA:79,0
DA:83,1
DA:84,0
DA:85,0
DA:86,0
DA:87,0
DA:89,0
DA:90,0
DA:93,1
DA:112,1
DA:113,1
DA:114,1
DA:115,1
DA:118,1
DA:119,1
DA:120,1
DA:121,1
DA:123,1
DA:124,1
DA:125,1
DA:126,1
DA:128,1
DA:130,1
DA:131,1
DA:134,1
DA:136,1
DA:137,1
DA:138,1
DA:139,1
DA:141,1
DA:142,1
DA:144,1
DA:148,1
DA:149,1
DA:150,1
DA:151,1
DA:153,1
DA:155,1
DA:156,1
DA:157,1
DA:158,1
DA:162,1
DA:163,1
DA:164,1
DA:166,1
DA:167,1
DA:168,1
DA:170,0
DA:172,1
DA:173,1
DA:174,1
DA:177,0
DA:178,0
DA:186,1
DA:187,1
DA:189,1
DA:190,1
DA:191,1
DA:192,1
DA:194,1
DA:195,1
DA:196,1
DA:200,1
DA:201,1
DA:202,1
DA:204,1
DA:205,1
DA:206,1
DA:207,1
DA:209,1
DA:210,1
DA:212,1
DA:213,1
DA:214,1
DA:215,1
DA:217,1
DA:218,1
DA:222,1
DA:223,1
DA:226,1
DA:228,1
DA:229,1
DA:230,1
DA:232,1
DA:233,1
DA:237,1
DA:238,1
DA:241,1
DA:243,1
DA:245,1
DA:247,1
DA:249,1
DA:250,1
DA:251,1
DA:252,0
DA:253,0
DA:255,1
DA:257,1
DA:259,1
DA:260,1
DA:267,1
LF:138
LH:114
end_of_record
SF:lib/app/pages/lobby/widgets/more_like_this_view.dart
DA:7,0
DA:8,0
DA:9,0
DA:10,0
DA:11,0
DA:13,0
DA:14,0
DA:17,0
DA:19,0
DA:20,0
DA:22,0
DA:25,0
DA:26,0
DA:27,0
DA:28,0
LF:15
LH:0
end_of_record
SF:lib/app/pages/lobby/widgets/product_view.dart
DA:7,1
DA:8,1
DA:10,1
DA:11,1
DA:14,2
DA:15,1
DA:16,2
DA:18,1
DA:19,1
DA:20,1
DA:21,1
DA:22,1
DA:24,2
DA:26,1
DA:27,1
DA:28,1
DA:29,2
DA:30,1
DA:32,1
DA:33,1
DA:38,1
DA:39,1
DA:40,1
DA:43,1
DA:44,1
DA:45,1
DA:46,1
DA:48,1
DA:49,1
DA:50,1
DA:51,1
DA:53,1
DA:54,1
DA:55,1
DA:56,1
DA:58,1
DA:60,1
DA:61,1
DA:63,1
DA:71,1
DA:74,1
DA:79,2
LF:42
LH:42
end_of_record
SF:lib/app/pages/lobby/widgets/tab_section.dart
DA:7,18
DA:9,1
DA:10,1
DA:12,1
DA:13,1
DA:15,1
DA:16,1
DA:17,1
DA:21,1
DA:22,1
DA:23,1
DA:24,1
DA:25,1
DA:29,1
DA:31,1
DA:32,1
DA:33,1
DA:34,2
DA:36,3
DA:37,3
DA:40,1
DA:41,2
DA:42,1
DA:43,1
DA:44,1
DA:45,1
DA:46,1
LF:27
LH:27
end_of_record
SF:lib/app/pages/login/login_controller.dart
DA:6,1
DA:22,1
DA:23,1
DA:24,1
DA:25,1
DA:26,1
DA:28,2
DA:29,1
DA:31,1
DA:35,1
DA:36,2
DA:37,1
DA:45,1
DA:46,2
DA:47,1
DA:55,0
DA:56,0
DA:57,0
DA:70,1
DA:71,2
DA:72,1
DA:73,1
DA:74,2
DA:75,1
DA:88,1
DA:89,2
DA:91,1
DA:92,1
DA:93,2
DA:94,1
DA:101,1
DA:102,1
DA:103,1
DA:104,2
DA:105,2
DA:106,1
DA:108,1
DA:110,1
LF:38
LH:35
end_of_record
SF:lib/app/pages/login/login_view.dart
DA:9,1
DA:10,1
DA:13,1
LF:3
LH:3
end_of_record
SF:lib/app/pages/login/widgets/email_widget.dart
DA:7,18
DA:9,1
DA:10,1
DA:11,2
DA:14,1
DA:15,1
DA:16,1
DA:17,1
DA:19,1
DA:20,1
DA:21,1
DA:26,1
DA:27,1
DA:28,1
DA:29,2
DA:31,1
DA:32,1
DA:34,1
DA:35,1
DA:36,1
DA:38,1
DA:39,1
DA:40,1
DA:42,1
DA:43,1
DA:44,1
DA:55,1
DA:59,1
DA:60,1
DA:61,1
DA:62,2
DA:64,1
DA:65,1
DA:67,1
DA:69,1
DA:71,1
DA:72,1
DA:74,1
DA:78,1
DA:79,1
DA:80,0
DA:81,1
DA:82,1
DA:83,1
DA:84,1
LF:45
LH:44
end_of_record
SF:lib/app/pages/login/widgets/login_widgets.dart
DA:13,1
DA:14,1
DA:15,2
DA:17,1
DA:18,1
DA:19,1
DA:20,1
DA:21,1
DA:22,1
DA:23,1
DA:25,1
DA:26,1
DA:27,1
DA:28,1
DA:29,1
DA:30,1
DA:31,1
DA:32,1
DA:35,1
DA:36,1
DA:37,1
DA:38,1
DA:45,1
DA:46,1
DA:47,1
DA:48,1
DA:49,2
DA:50,1
DA:52,1
DA:53,1
DA:54,1
DA:55,1
DA:57,1
DA:58,1
DA:59,1
DA:60,1
DA:62,1
DA:64,1
DA:65,1
DA:67,1
DA:68,1
DA:70,0
DA:72,1
DA:73,1
DA:74,1
DA:76,1
DA:77,1
DA:79,1
DA:80,1
DA:82,0
DA:84,1
DA:85,1
DA:86,1
DA:87,1
DA:88,1
DA:90,1
DA:91,1
DA:92,1
DA:94,1
DA:96,1
DA:98,1
DA:99,1
DA:101,1
DA:103,1
DA:104,1
DA:105,1
DA:107,1
DA:108,1
DA:110,1
DA:111,1
DA:113,0
DA:115,1
DA:116,1
DA:117,1
DA:118,1
DA:121,1
DA:122,1
DA:123,1
DA:124,1
DA:125,1
DA:126,1
DA:128,1
DA:129,1
DA:130,1
LF:84
LH:81
end_of_record
SF:lib/app/pages/login/widgets/phone_number_widget.dart
DA:8,18
DA:10,1
DA:11,1
DA:12,2
DA:15,1
DA:16,1
DA:17,1
DA:18,1
DA:20,1
DA:21,1
DA:22,0
DA:28,1
DA:29,1
DA:30,1
DA:31,0
DA:32,0
DA:34,1
DA:35,1
DA:36,1
DA:44,1
DA:45,1
DA:46,1
DA:52,1
DA:55,1
DA:56,1
DA:57,1
DA:58,1
DA:59,2
DA:62,1
DA:63,0
DA:64,1
DA:65,1
DA:66,1
DA:67,1
DA:68,1
LF:35
LH:31
end_of_record
SF:lib/app/pages/login_otp/login_otp_controller.dart
DA:7,1
DA:17,1
DA:18,1
DA:19,1
DA:20,1
DA:22,1
DA:24,1
LF:7
LH:7
end_of_record
SF:lib/app/pages/login_otp/login_otp_view.dart
DA:9,1
DA:10,1
DA:13,1
LF:3
LH:3
end_of_record
SF:lib/app/pages/login_otp/widgets/login_otp_widget.dart
DA:8,2
DA:10,1
DA:11,1
DA:12,2
DA:13,1
DA:14,1
DA:15,1
DA:16,1
DA:19,1
DA:20,1
DA:21,1
DA:22,0
DA:23,0
DA:25,1
DA:27,1
DA:28,1
DA:31,1
DA:32,1
DA:33,1
DA:34,1
DA:36,1
DA:37,1
DA:38,1
DA:39,1
DA:40,1
DA:41,1
DA:44,1
DA:45,1
DA:47,1
DA:49,1
DA:50,1
DA:51,1
DA:52,1
DA:55,1
DA:58,1
DA:59,1
DA:61,2
DA:62,1
DA:63,1
DA:65,2
DA:66,1
DA:69,1
DA:73,1
DA:79,1
DA:83,1
DA:84,0
DA:87,1
DA:88,1
DA:90,1
DA:92,1
DA:93,1
DA:94,1
DA:95,1
LF:53
LH:50
end_of_record
SF:lib/app/pages/my_list/my_list_controller.dart
DA:6,1
LF:1
LH:1
end_of_record
SF:lib/app/pages/my_list/my_list_view.dart
DA:7,19
DA:10,1
DA:11,1
DA:13,1
DA:15,1
DA:16,1
DA:19,1
DA:21,0
DA:22,0
DA:26,1
DA:27,1
DA:28,1
DA:30,1
DA:31,1
DA:32,1
DA:33,1
DA:35,1
DA:36,1
LF:18
LH:16
end_of_record
SF:lib/app/pages/my_list/widgets/my_list_widget.dart
DA:6,18
DA:8,1
DA:9,1
DA:11,1
DA:12,1
DA:13,1
DA:15,1
DA:16,1
DA:19,1
DA:21,1
DA:22,1
DA:24,2
DA:27,1
DA:28,1
DA:29,1
DA:30,1
DA:31,1
DA:32,1
DA:35,1
DA:36,1
DA:38,1
DA:40,1
DA:41,1
LF:23
LH:23
end_of_record
SF:lib/app/pages/products/products_controller.dart
DA:6,1
LF:1
LH:1
end_of_record
SF:lib/app/pages/products/products_view.dart
DA:9,1
DA:10,1
DA:12,1
DA:14,1
DA:15,1
DA:18,1
DA:20,0
DA:21,0
DA:25,1
DA:26,1
DA:27,1
DA:29,1
DA:30,1
DA:31,1
DA:32,1
DA:33,1
DA:35,1
DA:36,1
DA:43,1
LF:19
LH:17
end_of_record
SF:lib/app/pages/products/widgets/products_widget.dart
DA:7,1
DA:8,1
DA:10,1
DA:11,1
DA:12,2
DA:13,1
DA:14,2
DA:16,1
DA:17,1
DA:18,1
DA:19,1
DA:20,1
DA:22,2
DA:24,1
DA:25,1
DA:26,1
DA:27,2
DA:28,1
DA:30,1
DA:31,1
DA:36,1
DA:37,1
DA:40,1
DA:41,1
DA:42,1
DA:43,1
DA:45,1
DA:46,1
DA:47,1
DA:48,1
DA:50,1
DA:51,1
DA:52,1
DA:53,1
DA:55,1
DA:57,1
DA:58,1
DA:60,1
DA:67,1
DA:70,1
DA:75,2
LF:41
LH:41
end_of_record
SF:lib/app/pages/signup/signup_controller.dart
DA:6,1
DA:25,1
DA:26,1
DA:27,1
DA:28,1
DA:30,0
DA:32,1
DA:36,1
DA:37,1
DA:38,1
DA:48,1
DA:49,1
DA:50,2
DA:51,1
DA:52,1
DA:54,0
DA:55,0
DA:57,1
DA:65,1
DA:66,2
DA:67,1
DA:75,1
DA:76,2
DA:77,1
DA:90,1
DA:91,2
DA:92,1
DA:93,1
DA:94,2
DA:95,1
DA:108,1
DA:109,2
DA:111,1
DA:112,1
DA:113,2
DA:114,1
DA:127,1
DA:128,1
DA:129,2
DA:130,1
DA:131,1
DA:133,1
DA:134,1
DA:135,1
DA:137,1
DA:156,0
DA:157,0
DA:158,0
DA:162,0
DA:163,0
DA:164,0
DA:165,0
DA:166,0
DA:168,0
DA:169,0
DA:171,0
DA:175,1
DA:176,1
DA:177,1
DA:178,1
DA:179,1
DA:180,1
DA:182,1
DA:184,1
LF:64
LH:50
end_of_record
SF:lib/app/pages/signup/signup_view.dart
DA:7,19
DA:9,1
LF:2
LH:2
end_of_record
SF:lib/app/pages/signup/widgets/signup_widget.dart
DA:9,18
DA:11,1
DA:12,1
DA:13,2
DA:14,1
DA:15,1
DA:16,1
DA:17,1
DA:18,1
DA:19,0
DA:20,0
DA:30,1
DA:31,1
DA:32,1
DA:33,1
DA:35,1
DA:36,1
DA:37,1
DA:38,1
DA:39,1
DA:40,1
DA:43,1
DA:44,1
DA:45,1
DA:46,1
DA:48,1
DA:49,1
DA:50,1
DA:51,0
DA:56,1
DA:57,1
DA:59,2
DA:61,2
DA:62,1
DA:63,2
DA:66,1
DA:67,1
DA:68,1
DA:70,1
DA:71,1
DA:72,1
DA:73,0
DA:78,1
DA:79,2
DA:80,1
DA:82,2
DA:84,1
DA:85,2
DA:88,1
DA:89,1
DA:90,1
DA:92,1
DA:93,1
DA:94,1
DA:95,1
DA:96,1
DA:98,1
DA:103,1
DA:107,1
DA:108,2
DA:109,1
DA:110,2
DA:113,1
DA:114,1
DA:115,1
DA:117,1
DA:118,1
DA:119,0
DA:125,1
DA:126,1
DA:127,1
DA:128,0
DA:129,0
DA:131,1
DA:132,1
DA:133,1
DA:141,1
DA:142,1
DA:143,1
DA:149,1
DA:152,1
DA:153,1
DA:154,1
DA:155,1
DA:156,2
DA:159,1
DA:160,1
DA:161,1
DA:163,1
DA:164,1
DA:165,1
DA:166,1
DA:167,1
DA:172,1
DA:173,2
DA:174,1
DA:175,2
DA:178,1
DA:179,1
DA:180,1
DA:182,1
DA:183,1
DA:184,1
DA:185,1
DA:186,1
DA:188,1
DA:189,1
DA:190,1
DA:201,1
DA:205,1
DA:206,2
DA:207,1
DA:208,2
DA:211,1
DA:212,1
DA:213,1
DA:215,1
DA:216,1
DA:217,1
DA:218,1
DA:219,1
DA:221,1
DA:222,1
DA:223,1
DA:234,1
DA:238,1
DA:239,2
DA:240,1
DA:241,2
DA:244,1
DA:245,1
DA:248,1
DA:249,1
DA:250,1
DA:251,1
DA:252,0
DA:254,0
DA:257,1
DA:259,1
DA:263,1
DA:264,1
DA:265,1
DA:267,1
DA:268,1
DA:269,1
DA:270,1
DA:272,1
DA:273,1
DA:274,1
DA:276,1
DA:277,1
DA:278,1
DA:280,1
DA:281,1
DA:282,1
DA:284,1
DA:285,1
DA:286,1
DA:293,1
DA:294,1
DA:295,1
DA:296,1
DA:297,1
LF:163
LH:154
end_of_record
SF:lib/app/pages/splash/splash_view.dart
DA:9,1
DA:10,1
DA:11,1
LF:3
LH:3
end_of_record
SF:lib/app/pages/splash/widgets/splash_widget.dart
DA:6,18
DA:10,1
DA:11,0
DA:13,1
DA:14,0
LF:5
LH:3
end_of_record
SF:lib/app/pages/subscription/subscription_controller.dart
DA:6,1
LF:1
LH:1
end_of_record
SF:lib/app/pages/subscription/subscription_view.dart
DA:8,1
DA:9,1
DA:12,1
LF:3
LH:3
end_of_record
SF:lib/app/pages/subscription/widgets/subscription_sheet.dart
DA:8,1
DA:9,1
DA:10,1
DA:14,1
DA:15,1
DA:16,1
DA:17,1
DA:18,1
DA:19,1
DA:25,1
DA:26,1
DA:27,1
DA:28,1
DA:29,1
DA:30,1
DA:32,1
DA:33,1
DA:35,1
DA:36,1
DA:37,1
DA:40,1
DA:41,1
DA:42,1
DA:43,1
DA:45,1
DA:46,1
DA:47,1
DA:55,1
DA:56,1
DA:57,1
DA:58,1
DA:60,1
DA:61,1
DA:62,1
DA:63,1
DA:65,1
DA:67,1
DA:72,1
DA:73,1
DA:74,1
DA:75,1
DA:78,1
DA:79,1
DA:81,1
DA:84,1
DA:85,1
DA:86,1
DA:88,1
DA:89,1
DA:95,1
DA:96,1
DA:97,1
DA:98,1
DA:101,1
DA:102,1
DA:104,1
DA:107,1
DA:108,1
DA:109,1
DA:110,1
DA:111,1
DA:120,1
DA:121,1
DA:122,1
DA:123,1
DA:124,1
DA:126,1
DA:127,1
DA:129,1
DA:130,1
DA:131,1
DA:134,1
DA:135,1
DA:136,1
DA:137,1
DA:139,1
DA:140,1
DA:141,1
DA:142,1
DA:148,1
DA:150,1
DA:156,1
DA:157,1
DA:158,1
DA:159,1
DA:160,1
LF:86
LH:86
end_of_record
SF:lib/app/pages/subscription/widgets/subscription_widget.dart
DA:10,1
DA:11,1
DA:13,1
DA:14,1
DA:15,1
DA:16,1
DA:17,1
DA:18,1
DA:21,1
DA:22,1
DA:23,2
DA:24,2
DA:26,1
DA:27,1
DA:29,1
DA:32,1
DA:33,1
DA:34,1
DA:36,1
DA:37,1
DA:39,1
DA:40,1
DA:41,2
DA:42,1
DA:44,1
DA:45,1
DA:47,1
DA:48,1
DA:50,1
DA:54,1
DA:55,1
DA:56,2
DA:57,2
DA:58,1
DA:60,1
DA:62,1
DA:63,1
DA:64,1
DA:65,1
DA:67,1
DA:68,1
DA:70,1
DA:71,2
DA:72,1
DA:73,1
DA:76,1
DA:78,1
DA:83,1
DA:84,1
DA:86,1
DA:88,2
DA:90,1
DA:93,1
DA:94,1
DA:95,2
DA:96,1
DA:98,1
DA:99,1
DA:101,1
DA:102,1
DA:103,1
LF:61
LH:61
end_of_record
SF:lib/app/pages/subscription_information/subscription_information_controller.dart
DA:6,1
LF:1
LH:1
end_of_record
SF:lib/app/pages/subscription_information/subscription_information_view.dart
DA:10,1
DA:11,1
DA:14,1
DA:16,1
DA:17,1
DA:20,1
DA:22,0
DA:23,0
DA:27,1
DA:28,1
DA:29,1
DA:32,1
LF:12
LH:10
end_of_record
SF:lib/app/pages/subscription_information/widgets/subscription_information_widget.dart
DA:8,1
DA:9,1
DA:11,1
DA:12,1
DA:13,1
DA:14,1
DA:15,1
DA:16,1
DA:17,2
DA:18,1
DA:20,1
DA:21,1
DA:23,1
DA:24,1
DA:26,1
DA:27,1
DA:29,1
DA:31,1
DA:32,1
DA:36,1
DA:37,1
DA:39,1
DA:41,1
DA:42,1
DA:44,1
DA:45,1
DA:47,1
DA:48,1
DA:49,1
DA:50,1
DA:52,1
DA:53,1
DA:54,1
DA:55,1
DA:56,1
DA:57,2
DA:58,1
DA:63,1
DA:64,1
DA:66,1
DA:67,1
DA:68,1
DA:69,1
DA:70,1
DA:71,2
DA:72,1
DA:73,1
DA:74,2
DA:75,1
LF:49
LH:49
end_of_record
SF:lib/app/widgets/form_field_widget.dart
DA:31,7
DA:61,7
DA:92,7
DA:93,7
DA:95,7
DA:96,7
DA:97,7
DA:98,7
DA:99,7
DA:100,7
DA:101,7
DA:102,7
DA:103,7
DA:104,7
DA:105,7
DA:106,7
DA:107,7
DA:109,7
DA:110,7
DA:111,7
DA:112,7
DA:113,7
DA:114,7
DA:115,7
DA:116,7
DA:117,7
DA:118,7
DA:119,7
DA:120,7
DA:121,7
DA:122,7
DA:123,7
DA:124,7
LF:33
LH:33
end_of_record
SF:lib/app/widgets/global_button_widget.dart
DA:13,7
DA:24,7
DA:36,7
DA:37,7
DA:38,7
DA:39,7
DA:40,7
DA:41,7
DA:42,14
DA:43,7
DA:44,21
DA:45,7
DA:46,7
DA:47,7
DA:49,7
DA:50,7
DA:51,1
DA:52,1
DA:53,1
DA:54,2
DA:56,7
DA:57,7
DA:58,7
DA:59,1
DA:60,7
DA:62,0
DA:63,0
DA:65,0
DA:68,7
DA:71,7
DA:72,7
DA:73,7
DA:74,2
DA:75,6
DA:76,15
DA:78,7
DA:79,7
DA:81,7
LF:38
LH:35
end_of_record
SF:lib/app/widgets/text_devider_widget.dart
DA:16,1
DA:26,1
DA:36,1
DA:38,2
DA:39,1
DA:40,1
DA:41,1
DA:42,1
DA:43,1
DA:44,1
DA:46,1
DA:47,1
DA:48,1
DA:50,1
DA:51,1
DA:52,1
DA:53,1
DA:54,1
DA:55,1
LF:19
LH:19
end_of_record
SF:lib/data/repositories/data_repositories.dart
DA:8,2
DA:11,1
DA:13,1
DA:16,1
DA:18,1
DA:21,1
DA:23,1
DA:26,2
DA:28,2
DA:31,1
DA:33,1
DA:36,1
DA:38,1
DA:41,1
DA:43,1
DA:46,1
DA:48,1
DA:51,1
DA:53,1
DA:56,1
DA:58,1
DA:61,1
DA:63,1
LF:23
LH:23
end_of_record
SF:lib/device/repositories/device_repositories.dart
DA:16,2
DA:18,4
DA:19,8
DA:21,0
DA:22,0
DA:26,4
DA:28,0
DA:30,0
DA:33,0
DA:35,0
DA:38,0
DA:40,0
DA:42,0
DA:45,0
DA:49,0
DA:51,0
DA:54,1
DA:56,1
DA:58,0
DA:60,0
DA:62,0
DA:66,0
DA:68,0
DA:69,0
DA:75,0
DA:76,0
DA:80,0
DA:81,0
DA:85,0
DA:86,0
DA:90,0
DA:91,0
DA:95,0
LF:33
LH:6
end_of_record
SF:lib/domain/entities/enums.dart
DA:4,18
LF:1
LH:1
end_of_record
SF:lib/domain/repositories/repository.dart
DA:9,1
DA:16,0
DA:18,0
DA:20,0
DA:25,0
DA:27,0
DA:29,0
DA:36,0
DA:38,0
DA:40,0
DA:47,1
DA:49,2
DA:51,2
DA:58,0
DA:60,0
DA:62,0
DA:67,0
DA:69,0
DA:71,0
DA:76,0
DA:78,0
DA:80,0
DA:87,0
DA:89,0
DA:91,0
DA:97,0
DA:99,0
DA:101,0
LF:28
LH:4
end_of_record
